<?xml version="1.0" encoding="UTF-8"?>
<testsuite xmlns:xsi="http://www.w3.org/2001/XMLSchema-instance" xsi:noNamespaceSchemaLocation="https://maven.apache.org/surefire/maven-surefire-plugin/xsd/surefire-test-report.xsd" name="org.opendatamesh.dpds.DPDSParserTests" time="9.292" tests="15" errors="0" skipped="0" failures="0">
  <properties>
[...]
</properties>
  <testcase name="parseDpdCoreFromUri" classname="org.opendatamesh.dpds.DPDSParserTests" time="1.121"/>
  <testcase name="parseDpdCoreTest" classname="org.opendatamesh.dpds.DPDSParserTests" time="0.055"/>
  <testcase name="parseDpdCoreTestWithInternalRefFromUri" classname="org.opendatamesh.dpds.DPDSParserTests" time="0.832"/>
  <testcase name="parseDpdCoreTestWithMixRefFromGit" classname="org.opendatamesh.dpds.DPDSParserTests" time="1.142"/>
  <testcase name="parseDpdCoreTestWithMixRefFromUri" classname="org.opendatamesh.dpds.DPDSParserTests" time="0.188"/>
  <testcase name="parseDpdCoreTestWithExternalRefFromGit" classname="org.opendatamesh.dpds.DPDSParserTests" time="1.124"/>
  <testcase name="parseDpdCoreTestWithExternalRefFromUri" classname="org.opendatamesh.dpds.DPDSParserTests" time="2.695"/>
  <testcase name="parseDpdCoreTestWithInternalGit" classname="org.opendatamesh.dpds.DPDSParserTests" time="0.802"/>
  <testcase name="parseDpdCoreTestWithInternalRef" classname="org.opendatamesh.dpds.DPDSParserTests" time="0.088"/>
  <testcase name="parseDpdCoreTestWithMixRef" classname="org.opendatamesh.dpds.DPDSParserTests" time="0.051"/>
  <testcase name="parseDpdCoreFromGitTest" classname="org.opendatamesh.dpds.DPDSParserTests" time="0.876"/>
  <testcase name="parseDpdMinimalTest" classname="org.opendatamesh.dpds.DPDSParserTests" time="0.053"/>
  <testcase name="parseFullDpdTest" classname="org.opendatamesh.dpds.DPDSParserTests" time="0.106"/>
  <testcase name="parseDpdCoreTestWithExternalRef" classname="org.opendatamesh.dpds.DPDSParserTests" time="0.057"/>
  <testcase name="parseDpdCorePropsReadonlyTest" classname="org.opendatamesh.dpds.DPDSParserTests" time="0.095"/>
</testsuite>